This is pdfTeX, Version 3.1415926-2.3-1.40.12 (MiKTeX 2.9) (preloaded format=pdflatex 2012.10.11)  1 NOV 2012 15:54
entering extended mode
**C:/Users/wrichard/Documents/Dropbox/workspace/Comp136/Assignment5/report/repo
rt.tex

(C:/Users/wrichard/Documents/Dropbox/workspace/Comp136/Assignment5/report/repor
t.tex
LaTeX2e <2011/06/27>
Babel <v3.8m> and hyphenation patterns for english, afrikaans, ancientgreek, ar
abic, armenian, assamese, basque, bengali, bokmal, bulgarian, catalan, coptic, 
croatian, czech, danish, dutch, esperanto, estonian, farsi, finnish, french, ga
lician, german, german-x-2009-06-19, greek, gujarati, hindi, hungarian, iceland
ic, indonesian, interlingua, irish, italian, kannada, kurmanji, lao, latin, lat
vian, lithuanian, malayalam, marathi, mongolian, mongolianlmc, monogreek, ngerm
an, ngerman-x-2009-06-19, nynorsk, oriya, panjabi, pinyin, polish, portuguese, 
romanian, russian, sanskrit, serbian, slovak, slovenian, spanish, swedish, swis
sgerman, tamil, telugu, turkish, turkmen, ukenglish, ukrainian, uppersorbian, u
senglishmax, welsh, loaded.
("C:\Program Files (x86)\MiKTeX 2.9\tex\latex\base\article.cls"
Document Class: article 2007/10/19 v1.4h Standard LaTeX document class
("C:\Program Files (x86)\MiKTeX 2.9\tex\latex\base\size12.clo"
File: size12.clo 2007/10/19 v1.4h Standard LaTeX file (size option)
)
\c@part=\count79
\c@section=\count80
\c@subsection=\count81
\c@subsubsection=\count82
\c@paragraph=\count83
\c@subparagraph=\count84
\c@figure=\count85
\c@table=\count86
\abovecaptionskip=\skip41
\belowcaptionskip=\skip42
\bibindent=\dimen102
)
("C:\Program Files (x86)\MiKTeX 2.9\tex\latex\graphics\graphicx.sty"
Package: graphicx 1999/02/16 v1.0f Enhanced LaTeX Graphics (DPC,SPQR)

("C:\Program Files (x86)\MiKTeX 2.9\tex\latex\graphics\keyval.sty"
Package: keyval 1999/03/16 v1.13 key=value parser (DPC)
\KV@toks@=\toks14
)
("C:\Program Files (x86)\MiKTeX 2.9\tex\latex\graphics\graphics.sty"
Package: graphics 2009/02/05 v1.0o Standard LaTeX Graphics (DPC,SPQR)

("C:\Program Files (x86)\MiKTeX 2.9\tex\latex\graphics\trig.sty"
Package: trig 1999/03/16 v1.09 sin cos tan (DPC)
)
("C:\Program Files (x86)\MiKTeX 2.9\tex\latex\00miktex\graphics.cfg"
File: graphics.cfg 2007/01/18 v1.5 graphics configuration of teTeX/TeXLive
)
Package graphics Info: Driver file: pdftex.def on input line 91.

("C:\Program Files (x86)\MiKTeX 2.9\tex\latex\pdftex-def\pdftex.def"
File: pdftex.def 2011/05/27 v0.06d Graphics/color for pdfTeX

("C:\Program Files (x86)\MiKTeX 2.9\tex\generic\oberdiek\infwarerr.sty"
Package: infwarerr 2010/04/08 v1.3 Providing info/warning/error messages (HO)
)
("C:\Program Files (x86)\MiKTeX 2.9\tex\generic\oberdiek\ltxcmds.sty"
Package: ltxcmds 2011/11/09 v1.22 LaTeX kernel commands for general use (HO)
)
\Gread@gobject=\count87
))
\Gin@req@height=\dimen103
\Gin@req@width=\dimen104
)
(C:\Users\wrichard\Documents\Dropbox\workspace\Comp136\Assignment5\report\repor
t.aux)
LaTeX Font Info:    Checking defaults for OML/cmm/m/it on input line 22.
LaTeX Font Info:    ... okay on input line 22.
LaTeX Font Info:    Checking defaults for T1/cmr/m/n on input line 22.
LaTeX Font Info:    ... okay on input line 22.
LaTeX Font Info:    Checking defaults for OT1/cmr/m/n on input line 22.
LaTeX Font Info:    ... okay on input line 22.
LaTeX Font Info:    Checking defaults for OMS/cmsy/m/n on input line 22.
LaTeX Font Info:    ... okay on input line 22.
LaTeX Font Info:    Checking defaults for OMX/cmex/m/n on input line 22.
LaTeX Font Info:    ... okay on input line 22.
LaTeX Font Info:    Checking defaults for U/cmr/m/n on input line 22.
LaTeX Font Info:    ... okay on input line 22.
 ("C:\Program Files (x86)\MiKTeX 2.9\tex\context\base\supp-pdf.mkii"
[Loading MPS to PDF converter (version 2006.09.02).]
\scratchcounter=\count88
\scratchdimen=\dimen105
\scratchbox=\box26
\nofMPsegments=\count89
\nofMParguments=\count90
\everyMPshowfont=\toks15
\MPscratchCnt=\count91
\MPscratchDim=\dimen106
\MPnumerator=\count92
\makeMPintoPDFobject=\count93
\everyMPtoPDFconversion=\toks16
)
LaTeX Font Info:    External font `cmex10' loaded for size
(Font)              <14.4> on input line 26.
LaTeX Font Info:    External font `cmex10' loaded for size
(Font)              <7> on input line 26.
LaTeX Font Info:    External font `cmex10' loaded for size
(Font)              <12> on input line 31.
LaTeX Font Info:    External font `cmex10' loaded for size
(Font)              <8> on input line 31.
LaTeX Font Info:    External font `cmex10' loaded for size
(Font)              <6> on input line 31.

Underfull \hbox (badness 5161) in paragraph at lines 35--35
[]\OT1/cmr/m/n/12 0.952 +/-
 []


Underfull \hbox (badness 5161) in paragraph at lines 35--35
[]\OT1/cmr/m/n/12 0.850 +/-
 []


Underfull \hbox (badness 5161) in paragraph at lines 35--35
[]\OT1/cmr/m/n/12 0.830 +/-
 []


Underfull \hbox (badness 5161) in paragraph at lines 35--36
[]\OT1/cmr/m/n/12 0.855 +/-
 []


Underfull \hbox (badness 5161) in paragraph at lines 37--37
[]\OT1/cmr/m/n/12 0.515 +/-
 []


Underfull \hbox (badness 5161) in paragraph at lines 37--37
[]\OT1/cmr/m/n/12 0.550 +/-
 []


Underfull \hbox (badness 5161) in paragraph at lines 37--37
[]\OT1/cmr/m/n/12 0.515 +/-
 []


Underfull \hbox (badness 5161) in paragraph at lines 37--38
[]\OT1/cmr/m/n/12 0.641 +/-
 []


Underfull \hbox (badness 5161) in paragraph at lines 39--39
[]\OT1/cmr/m/n/12 0.054 +/-
 []


Underfull \hbox (badness 5161) in paragraph at lines 39--39
[]\OT1/cmr/m/n/12 0.150 +/-
 []


Underfull \hbox (badness 5161) in paragraph at lines 39--39
[]\OT1/cmr/m/n/12 0.160 +/-
 []


Underfull \hbox (badness 5161) in paragraph at lines 39--40
[]\OT1/cmr/m/n/12 0.128 +/-
 []


Underfull \hbox (badness 5161) in paragraph at lines 41--41
[]\OT1/cmr/m/n/12 0.485 +/-
 []


Underfull \hbox (badness 5161) in paragraph at lines 41--41
[]\OT1/cmr/m/n/12 0.645 +/-
 []


Underfull \hbox (badness 5161) in paragraph at lines 41--41
[]\OT1/cmr/m/n/12 0.700 +/-
 []


Underfull \hbox (badness 5161) in paragraph at lines 41--42
[]\OT1/cmr/m/n/12 0.661 +/-
 []

[1

{C:/ProgramData/MiKTeX/2.9/pdftex/config/pdftex.map}]
<../figures/A-learning_curve.pdf, id=8, 606.91899pt x 498.1423pt>
File: ../figures/A-learning_curve.pdf Graphic file (type pdf)

<use ../figures/A-learning_curve.pdf>
Package pdftex.def Info: ../figures/A-learning_curve.pdf used on input line 61.

(pdftex.def)             Requested size: 384.10959pt x 315.2679pt.

<../figures/B-learning_curve.pdf, id=9, 603.08435pt x 498.1423pt>
File: ../figures/B-learning_curve.pdf Graphic file (type pdf)

<use ../figures/B-learning_curve.pdf>
Package pdftex.def Info: ../figures/B-learning_curve.pdf used on input line 69.

(pdftex.def)             Requested size: 362.77524pt x 299.65538pt.

<../figures/C-learning_curve.pdf, id=10, 603.08435pt x 498.3305pt>
File: ../figures/C-learning_curve.pdf Graphic file (type pdf)

<use ../figures/C-learning_curve.pdf>
Package pdftex.def Info: ../figures/C-learning_curve.pdf used on input line 72.

(pdftex.def)             Requested size: 362.77524pt x 299.7686pt.


LaTeX Warning: `h' float specifier changed to `ht'.

<../figures/ionosphere-learning_curve.pdf, id=11, 603.2804pt x 498.58145pt>
File: ../figures/ionosphere-learning_curve.pdf Graphic file (type pdf)

<use ../figures/ionosphere-learning_curve.pdf>
Package pdftex.def Info: ../figures/ionosphere-learning_curve.pdf used on input
 line 79.
(pdftex.def)             Requested size: 426.79134pt x 352.73242pt.


LaTeX Warning: `h' float specifier changed to `ht'.

[2 <C:/Users/wrichard/Documents/Dropbox/workspace/Comp136/Assignment5/figures/A
-learning_curve.pdf>] [3 <C:/Users/wrichard/Documents/Dropbox/workspace/Comp136
/Assignment5/figures/B-learning_curve.pdf> <C:/Users/wrichard/Documents/Dropbox
/workspace/Comp136/Assignment5/figures/C-learning_curve.pdf>] [4 <C:/Users/wric
hard/Documents/Dropbox/workspace/Comp136/Assignment5/figures/ionosphere-learnin
g_curve.pdf>]
(C:\Users\wrichard\Documents\Dropbox\workspace\Comp136\Assignment5\report\repor
t.aux) ) 
Here is how much of TeX's memory you used:
 1157 strings out of 494045
 15979 string characters out of 3145959
 67894 words of memory out of 3000000
 4488 multiletter control sequences out of 15000+200000
 8194 words of font info for 29 fonts, out of 3000000 for 9000
 715 hyphenation exceptions out of 8191
 27i,9n,19p,572b,224s stack positions out of 5000i,500n,10000p,200000b,50000s
<C:/Program Files (x86)/MiKTeX 2.9/fonts/type1/public/amsfonts/cm/cmbx1
2.pfb><C:/Program Files (x86)/MiKTeX 2.9/fonts/type1/public/amsfonts/cm/cmr12.p
fb><C:/Program Files (x86)/MiKTeX 2.9/fonts/type1/public/amsfonts/cm/cmr17.pfb>

Output written on report.pdf (4 pages, 124857 bytes).
PDF statistics:
 175 PDF objects out of 1000 (max. 8388607)
 0 named destinations out of 1000 (max. 500000)
 21 words of extra memory for PDF output out of 10000 (max. 10000000)

